  boid.cpp
  boidChild.cpp
  main.cpp
  testApp.cpp
  Info: Boost.Config is older than your compiler version - probably nothing bad will happen - but you may wish to look for an update Boost version.  Define BOOST_CONFIG_SUPPRESS_OUTDATED_MESSAGE to suppress this message.
  Info: Boost.Config is older than your compiler version - probably nothing bad will happen - but you may wish to look for an update Boost version.  Define BOOST_CONFIG_SUPPRESS_OUTDATED_MESSAGE to suppress this message.
  Info: Boost.Config is older than your compiler version - probably nothing bad will happen - but you may wish to look for an update Boost version.  Define BOOST_CONFIG_SUPPRESS_OUTDATED_MESSAGE to suppress this message.
  Info: Boost.Config is older than your compiler version - probably nothing bad will happen - but you may wish to look for an update Boost version.  Define BOOST_CONFIG_SUPPRESS_OUTDATED_MESSAGE to suppress this message.
d:\ual\21-22 coding two advanced frameworks\of_v0.11.2_vs2017_release\libs\openframeworks\math\ofmatrix4x4.h(326): warning C4267: 'argument': conversion from 'size_t' to 'int', possible loss of data (compiling source file src\boid.cpp)
d:\ual\21-22 coding two advanced frameworks\of_v0.11.2_vs2017_release\libs\openframeworks\math\ofmatrix4x4.h(331): warning C4267: 'argument': conversion from 'size_t' to 'int', possible loss of data (compiling source file src\boid.cpp)
d:\ual\21-22 coding two advanced frameworks\of_v0.11.2_vs2017_release\libs\openframeworks\math\ofmatrix4x4.h(912): warning C4267: 'argument': conversion from 'size_t' to 'int', possible loss of data (compiling source file src\boid.cpp)
d:\ual\21-22 coding two advanced frameworks\of_v0.11.2_vs2017_release\libs\openframeworks\math\ofmatrix4x4.h(913): warning C4267: 'argument': conversion from 'size_t' to 'int', possible loss of data (compiling source file src\boid.cpp)
d:\ual\21-22 coding two advanced frameworks\of_v0.11.2_vs2017_release\libs\openframeworks\math\ofmatrix4x4.h(914): warning C4267: 'argument': conversion from 'size_t' to 'int', possible loss of data (compiling source file src\boid.cpp)
d:\ual\21-22 coding two advanced frameworks\of_v0.11.2_vs2017_release\libs\openframeworks\math\ofmatrix4x4.h(915): warning C4267: 'argument': conversion from 'size_t' to 'int', possible loss of data (compiling source file src\boid.cpp)
d:\ual\21-22 coding two advanced frameworks\of_v0.11.2_vs2017_release\libs\openframeworks\math\ofmatrix4x4.h(326): warning C4267: 'argument': conversion from 'size_t' to 'int', possible loss of data (compiling source file src\main.cpp)
d:\ual\21-22 coding two advanced frameworks\of_v0.11.2_vs2017_release\libs\openframeworks\math\ofmatrix4x4.h(331): warning C4267: 'argument': conversion from 'size_t' to 'int', possible loss of data (compiling source file src\main.cpp)
d:\ual\21-22 coding two advanced frameworks\of_v0.11.2_vs2017_release\libs\openframeworks\math\ofmatrix4x4.h(326): warning C4267: 'argument': conversion from 'size_t' to 'int', possible loss of data (compiling source file src\boidChild.cpp)
d:\ual\21-22 coding two advanced frameworks\of_v0.11.2_vs2017_release\libs\openframeworks\math\ofmatrix4x4.h(331): warning C4267: 'argument': conversion from 'size_t' to 'int', possible loss of data (compiling source file src\boidChild.cpp)
d:\ual\21-22 coding two advanced frameworks\of_v0.11.2_vs2017_release\libs\openframeworks\math\ofmatrix4x4.h(912): warning C4267: 'argument': conversion from 'size_t' to 'int', possible loss of data (compiling source file src\main.cpp)
d:\ual\21-22 coding two advanced frameworks\of_v0.11.2_vs2017_release\libs\openframeworks\math\ofmatrix4x4.h(913): warning C4267: 'argument': conversion from 'size_t' to 'int', possible loss of data (compiling source file src\main.cpp)
d:\ual\21-22 coding two advanced frameworks\of_v0.11.2_vs2017_release\libs\openframeworks\math\ofmatrix4x4.h(914): warning C4267: 'argument': conversion from 'size_t' to 'int', possible loss of data (compiling source file src\main.cpp)
d:\ual\21-22 coding two advanced frameworks\of_v0.11.2_vs2017_release\libs\openframeworks\math\ofmatrix4x4.h(915): warning C4267: 'argument': conversion from 'size_t' to 'int', possible loss of data (compiling source file src\main.cpp)
d:\ual\21-22 coding two advanced frameworks\of_v0.11.2_vs2017_release\libs\openframeworks\math\ofmatrix4x4.h(912): warning C4267: 'argument': conversion from 'size_t' to 'int', possible loss of data (compiling source file src\boidChild.cpp)
d:\ual\21-22 coding two advanced frameworks\of_v0.11.2_vs2017_release\libs\openframeworks\math\ofmatrix4x4.h(913): warning C4267: 'argument': conversion from 'size_t' to 'int', possible loss of data (compiling source file src\boidChild.cpp)
d:\ual\21-22 coding two advanced frameworks\of_v0.11.2_vs2017_release\libs\openframeworks\math\ofmatrix4x4.h(914): warning C4267: 'argument': conversion from 'size_t' to 'int', possible loss of data (compiling source file src\boidChild.cpp)
d:\ual\21-22 coding two advanced frameworks\of_v0.11.2_vs2017_release\libs\openframeworks\math\ofmatrix4x4.h(915): warning C4267: 'argument': conversion from 'size_t' to 'int', possible loss of data (compiling source file src\boidChild.cpp)
d:\ual\21-22 coding two advanced frameworks\of_v0.11.2_vs2017_release\libs\openframeworks\math\ofmatrix4x4.h(326): warning C4267: 'argument': conversion from 'size_t' to 'int', possible loss of data (compiling source file src\testApp.cpp)
d:\ual\21-22 coding two advanced frameworks\of_v0.11.2_vs2017_release\libs\openframeworks\math\ofmatrix4x4.h(331): warning C4267: 'argument': conversion from 'size_t' to 'int', possible loss of data (compiling source file src\testApp.cpp)
d:\ual\21-22 coding two advanced frameworks\of_v0.11.2_vs2017_release\libs\openframeworks\math\ofmatrix4x4.h(912): warning C4267: 'argument': conversion from 'size_t' to 'int', possible loss of data (compiling source file src\testApp.cpp)
d:\ual\21-22 coding two advanced frameworks\of_v0.11.2_vs2017_release\libs\openframeworks\math\ofmatrix4x4.h(913): warning C4267: 'argument': conversion from 'size_t' to 'int', possible loss of data (compiling source file src\testApp.cpp)
d:\ual\21-22 coding two advanced frameworks\of_v0.11.2_vs2017_release\libs\openframeworks\math\ofmatrix4x4.h(914): warning C4267: 'argument': conversion from 'size_t' to 'int', possible loss of data (compiling source file src\testApp.cpp)
d:\ual\21-22 coding two advanced frameworks\of_v0.11.2_vs2017_release\libs\openframeworks\math\ofmatrix4x4.h(915): warning C4267: 'argument': conversion from 'size_t' to 'int', possible loss of data (compiling source file src\testApp.cpp)
d:\ual\21-22 coding two advanced frameworks\week3\boyd\boyd\boyd\src\boid.cpp(122): warning C4715: 'Boid::separation': not all control paths return a value
d:\ual\21-22 coding two advanced frameworks\week3\boyd\boyd\boyd\src\boidchild.cpp(125): warning C4715: 'BoidChild::separation': not all control paths return a value
d:\ual\21-22 coding two advanced frameworks\week3\boyd\boyd\boyd\src\boidchild.cpp(215): warning C4715: 'BoidChild::avoid': not all control paths return a value
     Creating library bin\Boyd_debug.lib and object bin\Boyd_debug.exp
  Boyd.vcxproj -> D:\UAL\21-22 Coding Two Advanced Frameworks\Week3\Boyd\Boyd\Boyd\bin\Boyd_debug.exe
  
  	                   2	D:\UAL\21-22 Coding Two Advanced Frameworks\of_v0.11.2_vs2017_release\libs\fmod\lib\vs\x64\
  	  *EXTRA File 		 6942208	D:\UAL\21-22 Coding Two Advanced Frameworks\Week3\Boyd\Boyd\Boyd\bin\FreeImage.dll
  
  	                   1	D:\UAL\21-22 Coding Two Advanced Frameworks\of_v0.11.2_vs2017_release\libs\FreeImage\lib\vs\x64\
  	  *EXTRA File 		 1826304	D:\UAL\21-22 Coding Two Advanced Frameworks\Week3\Boyd\Boyd\Boyd\bin\fmod.dll
  	  *EXTRA File 		 2041856	D:\UAL\21-22 Coding Two Advanced Frameworks\Week3\Boyd\Boyd\Boyd\bin\fmodL.dll
